TN:
SF:src\router.ts
FN:34,(anonymous_0)
FN:50,(anonymous_1)
FNF:2
FNH:2
FNDA:4,(anonymous_0)
FNDA:4,(anonymous_1)
DA:1,2
DA:2,2
DA:10,2
DA:11,2
DA:13,2
DA:16,2
DA:17,2
DA:24,2
DA:34,4
DA:40,2
DA:50,4
DA:57,2
DA:64,2
DA:71,2
LF:14
LH:14
BRF:0
BRH:0
end_of_record
TN:
SF:src\server.ts
FN:6,connectDB
FN:23,(anonymous_2)
FNF:2
FNH:2
FNDA:3,connectDB
FNDA:1,(anonymous_2)
DA:1,2
DA:2,2
DA:3,2
DA:4,2
DA:6,2
DA:7,3
DA:8,3
DA:9,2
DA:12,1
DA:13,1
DA:16,2
DA:17,2
DA:19,2
DA:21,2
DA:23,2
DA:24,1
DA:27,2
LF:17
LH:17
BRF:0
BRH:0
end_of_record
TN:
SF:src\config\db.ts
FNF:0
FNH:0
DA:1,2
DA:2,2
DA:3,2
DA:6,2
DA:11,2
LF:5
LH:5
BRF:0
BRH:0
end_of_record
TN:
SF:src\handlers\product.ts
FN:4,(anonymous_1)
FN:16,(anonymous_2)
FN:30,(anonymous_3)
FN:39,(anonymous_4)
FN:55,(anonymous_5)
FN:71,(anonymous_6)
FNF:6
FNH:6
FNDA:2,(anonymous_1)
FNDA:4,(anonymous_2)
FNDA:4,(anonymous_3)
FNDA:4,(anonymous_4)
FNDA:2,(anonymous_5)
FNDA:2,(anonymous_6)
DA:2,2
DA:4,2
DA:5,2
DA:6,2
DA:10,2
DA:12,0
DA:16,2
DA:17,4
DA:18,4
DA:19,4
DA:20,3
DA:21,2
DA:22,2
DA:24,1
DA:26,1
DA:30,2
DA:31,4
DA:32,4
DA:33,3
DA:35,3
DA:39,2
DA:40,4
DA:41,4
DA:42,4
DA:43,4
DA:44,1
DA:45,1
DA:47,3
DA:48,3
DA:49,3
DA:51,2
DA:55,2
DA:56,2
DA:57,2
DA:58,2
DA:59,2
DA:60,1
DA:61,1
DA:63,1
DA:64,1
DA:65,1
DA:67,0
DA:71,2
DA:72,2
DA:73,2
DA:74,2
DA:75,1
DA:76,0
DA:77,0
DA:79,1
DA:80,1
DA:82,1
LF:52
LH:48
BRDA:20,0,0,2
BRDA:43,1,0,1
BRDA:59,2,0,1
BRDA:75,3,0,0
BRF:4
BRH:3
end_of_record
TN:
SF:src\middleware\index.ts
FN:4,(anonymous_0)
FNF:1
FNH:1
FNDA:16,(anonymous_0)
DA:2,2
DA:4,2
DA:9,16
DA:10,16
DA:11,7
DA:13,16
LF:6
LH:6
BRDA:10,0,0,7
BRF:1
BRH:1
end_of_record
TN:
SF:src\models\Product.model.ts
FNF:0
FNH:0
DA:2,3
DA:15,3
DA:20,3
DA:26,3
DA:32,3
DA:35,3
LF:6
LH:6
BRF:0
BRH:0
end_of_record
